[2024-12-11T11:48:05.603] [INFO] default - Starting server...
[2024-12-11T11:48:09.706] [INFO] default - Importing routes and middleware...
[2024-12-11T11:48:11.562] [INFO] default - Creating Express app...
[2024-12-11T11:48:11.563] [INFO] default - Adding middleware...
[2024-12-11T11:48:11.563] [INFO] default - Connecting to MongoDB...
[2024-12-11T11:48:11.598] [INFO] default - MongoDB connected
[2024-12-11T11:48:11.598] [INFO] default - Starting Express server...
[2024-12-11T11:48:11.600] [INFO] default - Server started on port 3000
[2024-12-11T11:48:45.300] [INFO] default - Starting server...
[2024-12-11T11:48:45.543] [INFO] default - Importing routes and middleware...
[2024-12-11T11:48:46.134] [INFO] default - Creating Express app...
[2024-12-11T11:48:46.135] [INFO] default - Adding middleware...
[2024-12-11T11:48:46.136] [INFO] default - Connecting to MongoDB...
[2024-12-11T11:48:46.153] [INFO] default - MongoDB connected
[2024-12-11T11:48:46.153] [INFO] default - Starting Express server...
[2024-12-11T11:48:46.154] [INFO] default - Server started on port 3000
[2024-12-11T11:48:51.775] [INFO] default - Starting server...
[2024-12-11T11:48:52.017] [INFO] default - Importing routes and middleware...
[2024-12-11T11:48:52.628] [INFO] default - Creating Express app...
[2024-12-11T11:48:52.629] [INFO] default - Adding middleware...
[2024-12-11T11:48:52.630] [INFO] default - Connecting to MongoDB...
[2024-12-11T11:48:52.647] [INFO] default - MongoDB connected
[2024-12-11T11:48:52.648] [INFO] default - Starting Express server...
[2024-12-11T11:48:52.649] [INFO] default - Server started on port 3000
[2024-12-11T11:48:58.941] [INFO] default - Starting server...
[2024-12-11T11:48:59.192] [INFO] default - Importing routes and middleware...
[2024-12-11T11:48:59.800] [INFO] default - Creating Express app...
[2024-12-11T11:48:59.801] [INFO] default - Adding middleware...
[2024-12-11T11:48:59.801] [INFO] default - Connecting to MongoDB...
[2024-12-11T11:48:59.818] [INFO] default - MongoDB connected
[2024-12-11T11:48:59.819] [INFO] default - Starting Express server...
[2024-12-11T11:48:59.820] [INFO] default - Server started on port 3000
[2024-12-11T11:49:14.684] [INFO] default - Starting server...
[2024-12-11T11:49:14.926] [INFO] default - Importing routes and middleware...
[2024-12-11T11:49:15.534] [INFO] default - Creating Express app...
[2024-12-11T11:49:15.535] [INFO] default - Adding middleware...
[2024-12-11T11:49:15.535] [INFO] default - Connecting to MongoDB...
[2024-12-11T11:49:15.553] [INFO] default - MongoDB connected
[2024-12-11T11:49:15.553] [INFO] default - Starting Express server...
[2024-12-11T11:49:15.554] [INFO] default - Server started on port 3000
[2024-12-11T11:49:17.797] [INFO] default - Starting server...
[2024-12-11T11:49:18.036] [INFO] default - Importing routes and middleware...
[2024-12-11T11:49:18.648] [INFO] default - Creating Express app...
[2024-12-11T11:49:18.649] [INFO] default - Adding middleware...
[2024-12-11T11:49:18.650] [INFO] default - Connecting to MongoDB...
[2024-12-11T11:49:18.667] [INFO] default - MongoDB connected
[2024-12-11T11:49:18.667] [INFO] default - Starting Express server...
[2024-12-11T11:49:18.668] [INFO] default - Server started on port 3000
[2024-12-11T11:49:24.087] [INFO] default - Starting server...
[2024-12-11T11:49:24.329] [INFO] default - Importing routes and middleware...
[2024-12-11T11:49:24.932] [INFO] default - Creating Express app...
[2024-12-11T11:49:24.933] [INFO] default - Adding middleware...
[2024-12-11T11:49:24.933] [INFO] default - Connecting to MongoDB...
[2024-12-11T11:49:24.951] [INFO] default - MongoDB connected
[2024-12-11T11:49:24.952] [INFO] default - Starting Express server...
[2024-12-11T11:49:24.953] [INFO] default - Server started on port 3000
[2024-12-11T11:49:26.827] [INFO] default - Starting server...
[2024-12-11T11:49:27.065] [INFO] default - Importing routes and middleware...
[2024-12-11T11:49:27.658] [INFO] default - Creating Express app...
[2024-12-11T11:49:27.659] [INFO] default - Adding middleware...
[2024-12-11T11:49:27.660] [INFO] default - Connecting to MongoDB...
[2024-12-11T11:49:27.678] [INFO] default - MongoDB connected
[2024-12-11T11:49:27.678] [INFO] default - Starting Express server...
[2024-12-11T11:49:27.679] [INFO] default - Server started on port 3000
[2024-12-11T11:49:30.770] [INFO] default - Starting server...
[2024-12-11T11:49:31.019] [INFO] default - Importing routes and middleware...
[2024-12-11T11:49:31.618] [INFO] default - Creating Express app...
[2024-12-11T11:49:31.619] [INFO] default - Adding middleware...
[2024-12-11T11:49:31.620] [INFO] default - Connecting to MongoDB...
[2024-12-11T11:49:31.637] [INFO] default - MongoDB connected
[2024-12-11T11:49:31.637] [INFO] default - Starting Express server...
[2024-12-11T11:49:31.638] [INFO] default - Server started on port 3000
[2024-12-11T11:49:41.727] [INFO] default - Starting server...
[2024-12-11T11:49:41.964] [INFO] default - Importing routes and middleware...
[2024-12-11T11:49:42.554] [INFO] default - Creating Express app...
[2024-12-11T11:49:42.555] [INFO] default - Adding middleware...
[2024-12-11T11:49:42.556] [INFO] default - Connecting to MongoDB...
[2024-12-11T11:49:42.573] [INFO] default - MongoDB connected
[2024-12-11T11:49:42.573] [INFO] default - Starting Express server...
[2024-12-11T11:49:42.575] [INFO] default - Server started on port 3000
[2024-12-11T11:49:44.230] [TRACE] default - WeaponController.getAll
[2024-12-11T11:50:11.567] [INFO] default - Starting server...
[2024-12-11T11:50:11.818] [INFO] default - Importing routes and middleware...
[2024-12-11T11:50:12.426] [INFO] default - Creating Express app...
[2024-12-11T11:50:12.427] [INFO] default - Adding middleware...
[2024-12-11T11:50:12.427] [INFO] default - Connecting to MongoDB...
[2024-12-11T11:50:12.444] [INFO] default - MongoDB connected
[2024-12-11T11:50:12.444] [INFO] default - Starting Express server...
[2024-12-11T11:50:12.445] [INFO] default - Server started on port 3000
[2024-12-11T11:51:07.493] [INFO] default - Starting server...
[2024-12-11T11:51:07.749] [INFO] default - Importing routes and middleware...
[2024-12-11T11:51:08.364] [INFO] default - Creating Express app...
[2024-12-11T11:51:08.365] [INFO] default - Adding middleware...
[2024-12-11T11:51:08.365] [INFO] default - Connecting to MongoDB...
[2024-12-11T11:51:08.382] [INFO] default - MongoDB connected
[2024-12-11T11:51:08.383] [INFO] default - Starting Express server...
[2024-12-11T11:51:08.384] [INFO] default - Server started on port 3000
[2024-12-11T11:51:15.707] [INFO] default - Starting server...
[2024-12-11T11:51:15.953] [INFO] default - Importing routes and middleware...
[2024-12-11T11:51:16.565] [INFO] default - Creating Express app...
[2024-12-11T11:51:16.566] [INFO] default - Adding middleware...
[2024-12-11T11:51:16.566] [INFO] default - Connecting to MongoDB...
[2024-12-11T11:51:16.583] [INFO] default - MongoDB connected
[2024-12-11T11:51:16.584] [INFO] default - Starting Express server...
[2024-12-11T11:51:16.585] [INFO] default - Server started on port 3000
[2024-12-11T11:51:23.295] [INFO] default - Starting server...
[2024-12-11T11:51:23.538] [INFO] default - Importing routes and middleware...
[2024-12-11T11:51:24.152] [INFO] default - Creating Express app...
[2024-12-11T11:51:24.153] [INFO] default - Adding middleware...
[2024-12-11T11:51:24.154] [INFO] default - Connecting to MongoDB...
[2024-12-11T11:51:24.173] [INFO] default - MongoDB connected
[2024-12-11T11:51:24.173] [INFO] default - Starting Express server...
[2024-12-11T11:51:24.175] [INFO] default - Server started on port 3000
[2024-12-11T11:51:31.318] [INFO] default - Starting server...
[2024-12-11T11:51:31.557] [INFO] default - Importing routes and middleware...
[2024-12-11T11:51:32.162] [INFO] default - Creating Express app...
[2024-12-11T11:51:32.163] [INFO] default - Adding middleware...
[2024-12-11T11:51:32.164] [INFO] default - Connecting to MongoDB...
[2024-12-11T11:51:32.180] [INFO] default - MongoDB connected
[2024-12-11T11:51:32.181] [INFO] default - Starting Express server...
[2024-12-11T11:51:32.182] [INFO] default - Server started on port 3000
[2024-12-11T11:51:38.954] [INFO] default - Starting server...
[2024-12-11T11:51:39.196] [INFO] default - Importing routes and middleware...
[2024-12-11T11:51:39.792] [INFO] default - Creating Express app...
[2024-12-11T11:51:39.793] [INFO] default - Adding middleware...
[2024-12-11T11:51:39.794] [INFO] default - Connecting to MongoDB...
[2024-12-11T11:51:39.811] [INFO] default - MongoDB connected
[2024-12-11T11:51:39.811] [INFO] default - Starting Express server...
[2024-12-11T11:51:39.812] [INFO] default - Server started on port 3000
[2024-12-11T11:51:45.698] [INFO] default - Starting server...
[2024-12-11T11:51:45.937] [INFO] default - Importing routes and middleware...
[2024-12-11T11:51:46.540] [INFO] default - Creating Express app...
[2024-12-11T11:51:46.541] [INFO] default - Adding middleware...
[2024-12-11T11:51:46.542] [INFO] default - Connecting to MongoDB...
[2024-12-11T11:51:46.559] [INFO] default - MongoDB connected
[2024-12-11T11:51:46.559] [INFO] default - Starting Express server...
[2024-12-11T11:51:46.560] [INFO] default - Server started on port 3000
[2024-12-11T11:51:53.345] [INFO] default - Starting server...
[2024-12-11T11:51:53.604] [INFO] default - Importing routes and middleware...
[2024-12-11T11:51:54.226] [INFO] default - Creating Express app...
[2024-12-11T11:51:54.227] [INFO] default - Adding middleware...
[2024-12-11T11:51:54.228] [INFO] default - Connecting to MongoDB...
[2024-12-11T11:51:54.245] [INFO] default - MongoDB connected
[2024-12-11T11:51:54.245] [INFO] default - Starting Express server...
[2024-12-11T11:51:54.247] [INFO] default - Server started on port 3000
[2024-12-11T11:52:07.912] [INFO] default - Starting server...
[2024-12-11T11:52:08.169] [INFO] default - Importing routes and middleware...
[2024-12-11T11:52:08.800] [INFO] default - Creating Express app...
[2024-12-11T11:52:08.801] [INFO] default - Adding middleware...
[2024-12-11T11:52:08.802] [INFO] default - Connecting to MongoDB...
[2024-12-11T11:52:08.819] [INFO] default - MongoDB connected
[2024-12-11T11:52:08.820] [INFO] default - Starting Express server...
[2024-12-11T11:52:08.821] [INFO] default - Server started on port 3000
[2024-12-11T11:52:41.418] [INFO] default - Starting server...
[2024-12-11T11:52:41.669] [INFO] default - Importing routes and middleware...
[2024-12-11T11:52:42.282] [INFO] default - Creating Express app...
[2024-12-11T11:52:42.283] [INFO] default - Adding middleware...
[2024-12-11T11:52:42.283] [INFO] default - Connecting to MongoDB...
[2024-12-11T11:52:42.301] [INFO] default - MongoDB connected
[2024-12-11T11:52:42.301] [INFO] default - Starting Express server...
[2024-12-11T11:52:42.302] [INFO] default - Server started on port 3000
[2024-12-11T11:52:58.304] [INFO] default - Starting server...
[2024-12-11T11:52:58.554] [INFO] default - Importing routes and middleware...
[2024-12-11T11:52:59.159] [INFO] default - Creating Express app...
[2024-12-11T11:52:59.160] [INFO] default - Adding middleware...
[2024-12-11T11:52:59.160] [INFO] default - Connecting to MongoDB...
[2024-12-11T11:52:59.177] [INFO] default - MongoDB connected
[2024-12-11T11:52:59.178] [INFO] default - Starting Express server...
[2024-12-11T11:52:59.179] [INFO] default - Server started on port 3000
[2024-12-11T11:53:11.149] [INFO] default - Starting server...
[2024-12-11T11:53:11.399] [INFO] default - Importing routes and middleware...
[2024-12-11T11:53:12.003] [INFO] default - Creating Express app...
[2024-12-11T11:53:12.004] [INFO] default - Adding middleware...
[2024-12-11T11:53:12.005] [INFO] default - Connecting to MongoDB...
[2024-12-11T11:53:12.023] [INFO] default - MongoDB connected
[2024-12-11T11:53:12.023] [INFO] default - Starting Express server...
[2024-12-11T11:53:12.024] [INFO] default - Server started on port 3000
[2024-12-11T11:53:33.102] [INFO] default - Starting server...
[2024-12-11T11:53:33.346] [INFO] default - Importing routes and middleware...
[2024-12-11T11:53:33.958] [INFO] default - Creating Express app...
[2024-12-11T11:53:33.959] [INFO] default - Adding middleware...
[2024-12-11T11:53:33.959] [INFO] default - Connecting to MongoDB...
[2024-12-11T11:53:33.976] [INFO] default - MongoDB connected
[2024-12-11T11:53:33.977] [INFO] default - Starting Express server...
[2024-12-11T11:53:33.978] [INFO] default - Server started on port 3000
[2024-12-11T11:53:50.522] [INFO] default - Starting server...
[2024-12-11T11:53:50.772] [INFO] default - Importing routes and middleware...
[2024-12-11T11:53:51.388] [INFO] default - Creating Express app...
[2024-12-11T11:53:51.388] [INFO] default - Adding middleware...
[2024-12-11T11:53:51.389] [INFO] default - Connecting to MongoDB...
[2024-12-11T11:53:51.406] [INFO] default - MongoDB connected
[2024-12-11T11:53:51.406] [INFO] default - Starting Express server...
[2024-12-11T11:53:51.408] [INFO] default - Server started on port 3000
[2024-12-11T11:54:17.651] [INFO] default - Starting server...
[2024-12-11T11:54:17.907] [INFO] default - Importing routes and middleware...
[2024-12-11T11:54:18.512] [INFO] default - Creating Express app...
[2024-12-11T11:54:18.513] [INFO] default - Adding middleware...
[2024-12-11T11:54:18.513] [INFO] default - Connecting to MongoDB...
[2024-12-11T11:54:18.531] [INFO] default - MongoDB connected
[2024-12-11T11:54:18.531] [INFO] default - Starting Express server...
[2024-12-11T11:54:18.532] [INFO] default - Server started on port 3000
[2024-12-11T11:55:54.557] [INFO] default - Starting server...
[2024-12-11T11:55:54.807] [INFO] default - Importing routes and middleware...
[2024-12-11T11:55:55.396] [INFO] default - Creating Express app...
[2024-12-11T11:55:55.397] [INFO] default - Adding middleware...
[2024-12-11T11:55:55.397] [INFO] default - Connecting to MongoDB...
[2024-12-11T11:55:55.415] [INFO] default - MongoDB connected
[2024-12-11T11:55:55.415] [INFO] default - Starting Express server...
[2024-12-11T11:55:55.416] [INFO] default - Server started on port 3000
[2024-12-11T12:24:50.924] [INFO] default - Starting server...
[2024-12-11T12:24:51.182] [INFO] default - Importing routes and middleware...
[2024-12-11T12:24:51.841] [INFO] default - Creating Express app...
[2024-12-11T12:24:51.842] [INFO] default - Adding middleware...
[2024-12-11T12:24:51.843] [INFO] default - Connecting to MongoDB...
[2024-12-11T12:24:51.862] [INFO] default - MongoDB connected
[2024-12-11T12:24:51.862] [INFO] default - Starting Express server...
[2024-12-11T12:24:51.864] [INFO] default - Server started on port 3000
[2024-12-11T12:25:09.452] [INFO] default - Starting server...
[2024-12-11T12:25:09.703] [INFO] default - Importing routes and middleware...
[2024-12-11T12:25:10.347] [INFO] default - Creating Express app...
[2024-12-11T12:25:10.347] [INFO] default - Adding middleware...
[2024-12-11T12:25:10.348] [INFO] default - Connecting to MongoDB...
[2024-12-11T12:25:10.366] [INFO] default - MongoDB connected
[2024-12-11T12:25:10.367] [INFO] default - Starting Express server...
[2024-12-11T12:25:10.368] [INFO] default - Server started on port 3000
[2024-12-11T12:39:18.204] [INFO] default - Starting server...
[2024-12-11T12:39:18.452] [INFO] default - Importing routes and middleware...
[2024-12-11T12:39:19.074] [INFO] default - Creating Express app...
[2024-12-11T12:39:19.075] [INFO] default - Adding middleware...
[2024-12-11T12:39:19.075] [INFO] default - Connecting to MongoDB...
[2024-12-11T12:39:19.092] [INFO] default - MongoDB connected
[2024-12-11T12:39:19.092] [INFO] default - Starting Express server...
[2024-12-11T12:39:19.094] [INFO] default - Server started on port 3000
[2024-12-11T12:39:24.941] [INFO] default - Starting server...
[2024-12-11T12:39:25.198] [INFO] default - Importing routes and middleware...
[2024-12-11T12:39:25.797] [INFO] default - Creating Express app...
[2024-12-11T12:39:25.799] [INFO] default - Adding middleware...
[2024-12-11T12:39:25.799] [INFO] default - Connecting to MongoDB...
[2024-12-11T12:39:25.816] [INFO] default - MongoDB connected
[2024-12-11T12:39:25.817] [INFO] default - Starting Express server...
[2024-12-11T12:39:25.818] [INFO] default - Server started on port 3000
[2024-12-11T12:39:59.525] [INFO] default - Starting server...
[2024-12-11T12:39:59.774] [INFO] default - Importing routes and middleware...
[2024-12-11T12:40:00.363] [INFO] default - Creating Express app...
[2024-12-11T12:40:00.364] [INFO] default - Adding middleware...
[2024-12-11T12:40:00.365] [INFO] default - Connecting to MongoDB...
[2024-12-11T12:40:00.383] [INFO] default - MongoDB connected
[2024-12-11T12:40:00.384] [INFO] default - Starting Express server...
[2024-12-11T12:40:00.385] [INFO] default - Server started on port 3000
[2024-12-11T12:51:00.562] [INFO] default - Starting server...
[2024-12-11T12:51:00.809] [INFO] default - Importing routes and middleware...
[2024-12-11T12:51:01.420] [INFO] default - Creating Express app...
[2024-12-11T12:51:01.421] [INFO] default - Adding middleware...
[2024-12-11T12:51:01.422] [INFO] default - Connecting to MongoDB...
[2024-12-11T12:51:01.440] [INFO] default - MongoDB connected
[2024-12-11T12:51:01.440] [INFO] default - Starting Express server...
[2024-12-11T12:51:01.442] [INFO] default - Server started on port 3000
[2024-12-11T12:51:06.389] [TRACE] default - WeaponController.getAll
[2024-12-11T12:51:07.166] [TRACE] default - WeaponController.getAll
[2024-12-11T12:52:00.693] [INFO] default - Starting server...
[2024-12-11T12:52:00.942] [INFO] default - Importing routes and middleware...
[2024-12-11T12:52:01.550] [INFO] default - Creating Express app...
[2024-12-11T12:52:01.551] [INFO] default - Adding middleware...
[2024-12-11T12:52:01.551] [INFO] default - Connecting to MongoDB...
[2024-12-11T12:52:01.570] [INFO] default - MongoDB connected
[2024-12-11T12:52:01.571] [INFO] default - Starting Express server...
[2024-12-11T12:52:01.572] [INFO] default - Server started on port 3000
[2024-12-11T12:52:06.952] [INFO] default - Starting server...
[2024-12-11T12:52:07.203] [INFO] default - Importing routes and middleware...
[2024-12-11T12:52:07.797] [INFO] default - Creating Express app...
[2024-12-11T12:52:07.798] [INFO] default - Adding middleware...
[2024-12-11T12:52:07.799] [INFO] default - Connecting to MongoDB...
[2024-12-11T12:52:07.818] [INFO] default - MongoDB connected
[2024-12-11T12:52:07.818] [INFO] default - Starting Express server...
[2024-12-11T12:52:07.819] [INFO] default - Server started on port 3000
[2024-12-11T12:52:22.183] [INFO] default - Starting server...
[2024-12-11T12:52:22.440] [INFO] default - Importing routes and middleware...
[2024-12-11T12:52:23.062] [INFO] default - Creating Express app...
[2024-12-11T12:52:23.063] [INFO] default - Adding middleware...
[2024-12-11T12:52:23.064] [INFO] default - Connecting to MongoDB...
[2024-12-11T12:52:23.083] [INFO] default - MongoDB connected
[2024-12-11T12:52:23.083] [INFO] default - Starting Express server...
[2024-12-11T12:52:23.084] [INFO] default - Server started on port 3000
[2024-12-11T13:04:40.647] [INFO] default - Starting server...
[2024-12-11T13:04:40.904] [INFO] default - Importing routes and middleware...
[2024-12-11T13:04:41.518] [INFO] default - Creating Express app...
[2024-12-11T13:04:41.519] [INFO] default - Adding middleware...
[2024-12-11T13:04:41.520] [INFO] default - Connecting to MongoDB...
[2024-12-11T13:04:41.539] [INFO] default - MongoDB connected
[2024-12-11T13:04:41.539] [INFO] default - Starting Express server...
[2024-12-11T13:04:41.541] [INFO] default - Server started on port 3000
[2024-12-11T13:17:49.568] [INFO] default - Starting server...
[2024-12-11T13:17:49.808] [INFO] default - Importing routes and middleware...
[2024-12-11T13:17:50.385] [INFO] default - Creating Express app...
[2024-12-11T13:17:50.386] [INFO] default - Adding middleware...
[2024-12-11T13:17:50.387] [INFO] default - Connecting to MongoDB...
[2024-12-11T13:17:50.406] [INFO] default - MongoDB connected
[2024-12-11T13:17:50.406] [INFO] default - Starting Express server...
[2024-12-11T13:17:50.407] [INFO] default - Server started on port 3000
[2024-12-11T13:18:49.911] [INFO] default - Starting server...
[2024-12-11T13:18:50.168] [INFO] default - Importing routes and middleware...
[2024-12-11T13:18:50.784] [INFO] default - Creating Express app...
[2024-12-11T13:18:50.785] [INFO] default - Adding middleware...
[2024-12-11T13:18:50.785] [INFO] default - Connecting to MongoDB...
[2024-12-11T13:18:50.804] [INFO] default - MongoDB connected
[2024-12-11T13:18:50.804] [INFO] default - Starting Express server...
[2024-12-11T13:18:50.805] [INFO] default - Server started on port 3000
[2024-12-11T13:19:35.027] [INFO] default - Starting server...
[2024-12-11T13:19:35.284] [INFO] default - Importing routes and middleware...
[2024-12-11T13:19:35.889] [INFO] default - Creating Express app...
[2024-12-11T13:19:35.890] [INFO] default - Adding middleware...
[2024-12-11T13:19:35.891] [INFO] default - Connecting to MongoDB...
[2024-12-11T13:19:35.910] [INFO] default - MongoDB connected
[2024-12-11T13:19:35.910] [INFO] default - Starting Express server...
[2024-12-11T13:19:35.911] [INFO] default - Server started on port 3000
[2024-12-11T13:22:03.208] [INFO] default - Starting server...
[2024-12-11T13:22:03.475] [INFO] default - Importing routes and middleware...
[2024-12-11T13:22:04.162] [INFO] default - Creating Express app...
[2024-12-11T13:22:04.163] [INFO] default - Adding middleware...
[2024-12-11T13:22:04.164] [INFO] default - Connecting to MongoDB...
[2024-12-11T13:22:04.186] [INFO] default - MongoDB connected
[2024-12-11T13:22:04.186] [INFO] default - Starting Express server...
[2024-12-11T13:22:04.188] [INFO] default - Server started on port 3000
[2024-12-11T14:02:45.304] [INFO] default - Starting server...
[2024-12-11T14:02:45.551] [INFO] default - Importing routes and middleware...
[2024-12-11T14:02:46.218] [INFO] default - Creating Express app...
[2024-12-11T14:02:46.219] [INFO] default - Adding middleware...
[2024-12-11T14:02:46.219] [INFO] default - Connecting to MongoDB...
[2024-12-11T14:02:46.238] [INFO] default - MongoDB connected
[2024-12-11T14:02:46.238] [INFO] default - Starting Express server...
[2024-12-11T14:02:46.239] [INFO] default - Server started on port 3000
[2024-12-11T14:03:36.272] [INFO] default - Starting server...
[2024-12-11T14:03:36.529] [INFO] default - Importing routes and middleware...
[2024-12-11T14:03:37.162] [INFO] default - Creating Express app...
[2024-12-11T14:03:37.163] [INFO] default - Adding middleware...
[2024-12-11T14:03:37.164] [INFO] default - Connecting to MongoDB...
[2024-12-11T14:03:37.181] [INFO] default - MongoDB connected
[2024-12-11T14:03:37.181] [INFO] default - Starting Express server...
[2024-12-11T14:03:37.183] [INFO] default - Server started on port 3000
[2024-12-11T14:05:36.890] [INFO] default - Starting server...
[2024-12-11T14:05:37.151] [INFO] default - Importing routes and middleware...
[2024-12-11T14:05:37.827] [INFO] default - Creating Express app...
[2024-12-11T14:05:37.828] [INFO] default - Adding middleware...
[2024-12-11T14:05:37.829] [INFO] default - Connecting to MongoDB...
[2024-12-11T14:05:37.848] [INFO] default - MongoDB connected
[2024-12-11T14:05:37.848] [INFO] default - Starting Express server...
[2024-12-11T14:05:37.850] [INFO] default - Server started on port 3000
[2024-12-11T14:05:44.056] [INFO] default - Starting server...
[2024-12-11T14:05:44.316] [INFO] default - Importing routes and middleware...
[2024-12-11T14:05:44.972] [INFO] default - Creating Express app...
[2024-12-11T14:05:44.973] [INFO] default - Adding middleware...
[2024-12-11T14:05:44.973] [INFO] default - Connecting to MongoDB...
[2024-12-11T14:05:44.991] [INFO] default - MongoDB connected
[2024-12-11T14:05:44.991] [INFO] default - Starting Express server...
[2024-12-11T14:05:44.992] [INFO] default - Server started on port 3000
[2024-12-11T14:05:48.285] [INFO] default - Starting server...
[2024-12-11T14:05:48.534] [INFO] default - Importing routes and middleware...
[2024-12-11T14:05:49.211] [INFO] default - Creating Express app...
[2024-12-11T14:05:49.212] [INFO] default - Adding middleware...
[2024-12-11T14:05:49.213] [INFO] default - Connecting to MongoDB...
[2024-12-11T14:05:49.231] [INFO] default - MongoDB connected
[2024-12-11T14:05:49.232] [INFO] default - Starting Express server...
[2024-12-11T14:05:49.233] [INFO] default - Server started on port 3000
[2024-12-11T14:05:50.410] [INFO] default - Starting server...
[2024-12-11T14:05:50.659] [INFO] default - Importing routes and middleware...
[2024-12-11T14:05:51.297] [INFO] default - Creating Express app...
[2024-12-11T14:05:51.298] [INFO] default - Adding middleware...
[2024-12-11T14:05:51.299] [INFO] default - Connecting to MongoDB...
[2024-12-11T14:05:51.316] [INFO] default - MongoDB connected
[2024-12-11T14:05:51.316] [INFO] default - Starting Express server...
[2024-12-11T14:05:51.317] [INFO] default - Server started on port 3000
[2024-12-11T14:05:53.144] [INFO] default - Starting server...
[2024-12-11T14:05:53.395] [INFO] default - Importing routes and middleware...
[2024-12-11T14:05:54.079] [INFO] default - Creating Express app...
[2024-12-11T14:05:54.080] [INFO] default - Adding middleware...
[2024-12-11T14:05:54.081] [INFO] default - Connecting to MongoDB...
[2024-12-11T14:05:54.100] [INFO] default - MongoDB connected
[2024-12-11T14:05:54.100] [INFO] default - Starting Express server...
[2024-12-11T14:05:54.101] [INFO] default - Server started on port 3000
[2024-12-11T14:06:03.296] [INFO] default - Starting server...
[2024-12-11T14:06:03.557] [INFO] default - Importing routes and middleware...
[2024-12-11T14:06:04.232] [INFO] default - Creating Express app...
[2024-12-11T14:06:04.234] [INFO] default - Adding middleware...
[2024-12-11T14:06:04.234] [INFO] default - Connecting to MongoDB...
[2024-12-11T14:06:04.252] [INFO] default - MongoDB connected
[2024-12-11T14:06:04.252] [INFO] default - Starting Express server...
[2024-12-11T14:06:04.253] [INFO] default - Server started on port 3000
[2024-12-11T14:06:12.861] [INFO] default - Starting server...
[2024-12-11T14:06:13.115] [INFO] default - Importing routes and middleware...
[2024-12-11T14:06:13.761] [INFO] default - Creating Express app...
[2024-12-11T14:06:13.764] [INFO] default - Adding middleware...
[2024-12-11T14:06:13.765] [INFO] default - Connecting to MongoDB...
[2024-12-11T14:06:13.784] [INFO] default - MongoDB connected
[2024-12-11T14:06:13.784] [INFO] default - Starting Express server...
[2024-12-11T14:06:13.785] [INFO] default - Server started on port 3000
[2024-12-11T14:06:17.161] [INFO] default - Starting server...
[2024-12-11T14:06:17.418] [INFO] default - Importing routes and middleware...
[2024-12-11T14:06:18.072] [INFO] default - Creating Express app...
[2024-12-11T14:06:18.073] [INFO] default - Adding middleware...
[2024-12-11T14:06:18.074] [INFO] default - Connecting to MongoDB...
[2024-12-11T14:06:18.091] [INFO] default - MongoDB connected
[2024-12-11T14:06:18.091] [INFO] default - Starting Express server...
[2024-12-11T14:06:18.093] [INFO] default - Server started on port 3000
[2024-12-11T14:07:25.876] [INFO] default - Starting server...
[2024-12-11T14:07:26.131] [INFO] default - Importing routes and middleware...
[2024-12-11T14:07:26.785] [INFO] default - Creating Express app...
[2024-12-11T14:07:26.786] [INFO] default - Adding middleware...
[2024-12-11T14:07:26.787] [INFO] default - Connecting to MongoDB...
[2024-12-11T14:07:26.804] [INFO] default - MongoDB connected
[2024-12-11T14:07:26.804] [INFO] default - Starting Express server...
[2024-12-11T14:07:26.806] [INFO] default - Server started on port 3000
[2024-12-11T14:07:28.366] [INFO] default - Starting server...
[2024-12-11T14:07:28.609] [INFO] default - Importing routes and middleware...
[2024-12-11T14:07:29.252] [INFO] default - Creating Express app...
[2024-12-11T14:07:29.253] [INFO] default - Adding middleware...
[2024-12-11T14:07:29.253] [INFO] default - Connecting to MongoDB...
[2024-12-11T14:07:29.270] [INFO] default - MongoDB connected
[2024-12-11T14:07:29.271] [INFO] default - Starting Express server...
[2024-12-11T14:07:29.272] [INFO] default - Server started on port 3000
[2024-12-11T14:07:33.027] [INFO] default - Starting server...
[2024-12-11T14:07:33.272] [INFO] default - Importing routes and middleware...
[2024-12-11T14:07:33.904] [INFO] default - Creating Express app...
[2024-12-11T14:07:33.905] [INFO] default - Adding middleware...
[2024-12-11T14:07:33.905] [INFO] default - Connecting to MongoDB...
[2024-12-11T14:07:33.924] [INFO] default - MongoDB connected
[2024-12-11T14:07:33.925] [INFO] default - Starting Express server...
[2024-12-11T14:07:33.926] [INFO] default - Server started on port 3000
[2024-12-11T14:07:38.791] [INFO] default - Starting server...
[2024-12-11T14:07:39.046] [INFO] default - Importing routes and middleware...
[2024-12-11T14:07:39.714] [INFO] default - Creating Express app...
[2024-12-11T14:07:39.715] [INFO] default - Adding middleware...
[2024-12-11T14:07:39.716] [INFO] default - Connecting to MongoDB...
[2024-12-11T14:07:39.733] [INFO] default - MongoDB connected
[2024-12-11T14:07:39.733] [INFO] default - Starting Express server...
[2024-12-11T14:07:39.734] [INFO] default - Server started on port 3000
[2024-12-11T14:10:50.023] [INFO] default - Starting server...
[2024-12-11T14:10:50.286] [INFO] default - Importing routes and middleware...
[2024-12-11T14:10:50.933] [INFO] default - Creating Express app...
[2024-12-11T14:10:50.934] [INFO] default - Adding middleware...
[2024-12-11T14:10:50.935] [INFO] default - Connecting to MongoDB...
[2024-12-11T14:10:50.951] [INFO] default - MongoDB connected
[2024-12-11T14:10:50.952] [INFO] default - Starting Express server...
[2024-12-11T14:10:50.953] [INFO] default - Server started on port 3000
[2024-12-11T14:11:16.332] [INFO] default - Starting server...
[2024-12-11T14:11:16.580] [INFO] default - Importing routes and middleware...
[2024-12-11T14:11:17.214] [INFO] default - Creating Express app...
[2024-12-11T14:11:17.215] [INFO] default - Adding middleware...
[2024-12-11T14:11:17.216] [INFO] default - Connecting to MongoDB...
[2024-12-11T14:11:17.233] [INFO] default - MongoDB connected
[2024-12-11T14:11:17.233] [INFO] default - Starting Express server...
[2024-12-11T14:11:17.235] [INFO] default - Server started on port 3000
[2024-12-11T14:16:13.661] [INFO] default - Starting server...
[2024-12-11T14:16:13.918] [INFO] default - Importing routes and middleware...
[2024-12-11T14:16:14.573] [INFO] default - Creating Express app...
[2024-12-11T14:16:14.574] [INFO] default - Adding middleware...
[2024-12-11T14:16:14.575] [INFO] default - Connecting to MongoDB...
[2024-12-11T14:16:14.592] [INFO] default - MongoDB connected
[2024-12-11T14:16:14.592] [INFO] default - Starting Express server...
[2024-12-11T14:16:14.594] [INFO] default - Server started on port 3000
